# JRE version: OpenJDK Runtime Environment (8.0_202-b03) (build 1.8.0_202-release-1483-b03)
# Java VM: OpenJDK 64-Bit Server VM (25.202-b03 mixed mode windows-amd64 compressed oops)
Heap:
 PSYoungGen      total 205824K, used 27024K [0x00000000e0000000, 0x00000000f2f80000, 0x0000000100000000)
  eden space 186368K, 14% used [0x00000000e0000000,0x00000000e1a64138,0x00000000eb600000)
  from space 19456K, 0% used [0x00000000eb600000,0x00000000eb600000,0x00000000ec900000)
  to   space 18432K, 0% used [0x00000000f1d80000,0x00000000f1d80000,0x00000000f2f80000)
 ParOldGen       total 89600K, used 35252K [0x00000000a0000000, 0x00000000a5780000, 0x00000000e0000000)
  object space 89600K, 39% used [0x00000000a0000000,0x00000000a226d390,0x00000000a5780000)
 Metaspace       used 56886K, capacity 59296K, committed 59608K, reserved 1101824K
  class space    used 7541K, capacity 8086K, committed 8192K, reserved 1048576K
GC Heap History (10 events):
Event: 16.618 GC heap before
{Heap before GC invocations=10 (full 2):
 PSYoungGen      total 137216K, used 10689K [0x00000000e0000000, 0x00000000e9480000, 0x0000000100000000)
  eden space 125952K, 0% used [0x00000000e0000000,0x00000000e0000000,0x00000000e7b00000)
  from space 11264K, 94% used [0x00000000e8780000,0x00000000e91f05b8,0x00000000e9280000)
  to   space 12800K, 0% used [0x00000000e7b00000,0x00000000e7b00000,0x00000000e8780000)
 ParOldGen       total 49152K, used 8440K [0x00000000a0000000, 0x00000000a3000000, 0x00000000e0000000)
  object space 49152K, 17% used [0x00000000a0000000,0x00000000a083e240,0x00000000a3000000)
 Metaspace       used 34828K, capacity 35408K, committed 35416K, reserved 1079296K
  class space    used 4763K, capacity 4989K, committed 4992K, reserved 1048576K
Event: 16.703 GC heap after
Heap after GC invocations=10 (full 2):
 PSYoungGen      total 137216K, used 0K [0x00000000e0000000, 0x00000000e9480000, 0x0000000100000000)
  eden space 125952K, 0% used [0x00000000e0000000,0x00000000e0000000,0x00000000e7b00000)
  from space 11264K, 0% used [0x00000000e8780000,0x00000000e8780000,0x00000000e9280000)
  to   space 12800K, 0% used [0x00000000e7b00000,0x00000000e7b00000,0x00000000e8780000)
 ParOldGen       total 61440K, used 17075K [0x00000000a0000000, 0x00000000a3c00000, 0x00000000e0000000)
  object space 61440K, 27% used [0x00000000a0000000,0x00000000a10acc00,0x00000000a3c00000)
 Metaspace       used 34828K, capacity 35408K, committed 35416K, reserved 1079296K
  class space    used 4763K, capacity 4989K, committed 4992K, reserved 1048576K
}
Event: 20.958 GC heap before
{Heap before GC invocations=11 (full 2):
 PSYoungGen      total 137216K, used 125952K [0x00000000e0000000, 0x00000000e9480000, 0x0000000100000000)
  eden space 125952K, 100% used [0x00000000e0000000,0x00000000e7b00000,0x00000000e7b00000)
  from space 11264K, 0% used [0x00000000e8780000,0x00000000e8780000,0x00000000e9280000)
  to   space 12800K, 0% used [0x00000000e7b00000,0x00000000e7b00000,0x00000000e8780000)
 ParOldGen       total 61440K, used 17075K [0x00000000a0000000, 0x00000000a3c00000, 0x00000000e0000000)
  object space 61440K, 27% used [0x00000000a0000000,0x00000000a10acc00,0x00000000a3c00000)
 Metaspace       used 39806K, capacity 40746K, committed 40792K, reserved 1085440K
  class space    used 5408K, capacity 5752K, committed 5760K, reserved 1048576K
Event: 20.990 GC heap after
Heap after GC invocations=11 (full 2):
 PSYoungGen      total 138752K, used 12786K [0x00000000e0000000, 0x00000000ed780000, 0x0000000100000000)
  eden space 125952K, 0% used [0x00000000e0000000,0x00000000e0000000,0x00000000e7b00000)
  from space 12800K, 99% used [0x00000000e7b00000,0x00000000e877ca88,0x00000000e8780000)
  to   space 14848K, 0% used [0x00000000ec900000,0x00000000ec900000,0x00000000ed780000)
 ParOldGen       total 61440K, used 17446K [0x00000000a0000000, 0x00000000a3c00000, 0x00000000e0000000)
  object space 61440K, 28% used [0x00000000a0000000,0x00000000a1109960,0x00000000a3c00000)
 Metaspace       used 39806K, capacity 40746K, committed 40792K, reserved 1085440K
  class space    used 5408K, capacity 5752K, committed 5760K, reserved 1048576K
}
Event: 26.988 GC heap before
{Heap before GC invocations=12 (full 2):
 PSYoungGen      total 138752K, used 138738K [0x00000000e0000000, 0x00000000ed780000, 0x0000000100000000)
  eden space 125952K, 100% used [0x00000000e0000000,0x00000000e7b00000,0x00000000e7b00000)
  from space 12800K, 99% used [0x00000000e7b00000,0x00000000e877ca88,0x00000000e8780000)
  to   space 14848K, 0% used [0x00000000ec900000,0x00000000ec900000,0x00000000ed780000)
 ParOldGen       total 61440K, used 17446K [0x00000000a0000000, 0x00000000a3c00000, 0x00000000e0000000)
  object space 61440K, 28% used [0x00000000a0000000,0x00000000a1109960,0x00000000a3c00000)
 Metaspace       used 50597K, capacity 52230K, committed 52440K, reserved 1093632K
  class space    used 6915K, capacity 7338K, committed 7424K, reserved 1048576K
Event: 27.030 GC heap after
Heap after GC invocations=12 (full 2):
 PSYoungGen      total 201216K, used 14822K [0x00000000e0000000, 0x00000000ede00000, 0x0000000100000000)
  eden space 186368K, 0% used [0x00000000e0000000,0x00000000e0000000,0x00000000eb600000)
  from space 14848K, 99% used [0x00000000ec900000,0x00000000ed779970,0x00000000ed780000)
  to   space 19456K, 0% used [0x00000000eb600000,0x00000000eb600000,0x00000000ec900000)
 ParOldGen       total 61440K, used 24631K [0x00000000a0000000, 0x00000000a3c00000, 0x00000000e0000000)
  object space 61440K, 40% used [0x00000000a0000000,0x00000000a180dec8,0x00000000a3c00000)
 Metaspace       used 50597K, capacity 52230K, committed 52440K, reserved 1093632K
  class space    used 6915K, capacity 7338K, committed 7424K, reserved 1048576K
}
Event: 286.169 GC heap before
{Heap before GC invocations=13 (full 2):
 PSYoungGen      total 201216K, used 186425K [0x00000000e0000000, 0x00000000ede00000, 0x0000000100000000)
  eden space 186368K, 92% used [0x00000000e0000000,0x00000000ea794d68,0x00000000eb600000)
  from space 14848K, 99% used [0x00000000ec900000,0x00000000ed779970,0x00000000ed780000)
  to   space 19456K, 0% used [0x00000000eb600000,0x00000000eb600000,0x00000000ec900000)
 ParOldGen       total 61440K, used 24631K [0x00000000a0000000, 0x00000000a3c00000, 0x00000000e0000000)
  object space 61440K, 40% used [0x00000000a0000000,0x00000000a180dec8,0x00000000a3c00000)
 Metaspace       used 56628K, capacity 58920K, committed 58968K, reserved 1099776K
  class space    used 7515K, capacity 8046K, committed 8064K, reserved 1048576K
Event: 286.199 GC heap after
Heap after GC invocations=13 (full 2):
 PSYoungGen      total 205824K, used 9898K [0x00000000e0000000, 0x00000000f2f80000, 0x0000000100000000)
  eden space 186368K, 0% used [0x00000000e0000000,0x00000000e0000000,0x00000000eb600000)
  from space 19456K, 50% used [0x00000000eb600000,0x00000000ebfaa888,0x00000000ec900000)
  to   space 18432K, 0% used [0x00000000f1d80000,0x00000000f1d80000,0x00000000f2f80000)
 ParOldGen       total 61440K, used 39168K [0x00000000a0000000, 0x00000000a3c00000, 0x00000000e0000000)
  object space 61440K, 63% used [0x00000000a0000000,0x00000000a2640360,0x00000000a3c00000)
 Metaspace       used 56628K, capacity 58920K, committed 58968K, reserved 1099776K
  class space    used 7515K, capacity 8046K, committed 8064K, reserved 1048576K
}
Event: 286.199 GC heap before
{Heap before GC invocations=14 (full 3):
 PSYoungGen      total 205824K, used 9898K [0x00000000e0000000, 0x00000000f2f80000, 0x0000000100000000)
  eden space 186368K, 0% used [0x00000000e0000000,0x00000000e0000000,0x00000000eb600000)
  from space 19456K, 50% used [0x00000000eb600000,0x00000000ebfaa888,0x00000000ec900000)
  to   space 18432K, 0% used [0x00000000f1d80000,0x00000000f1d80000,0x00000000f2f80000)
 ParOldGen       total 61440K, used 39168K [0x00000000a0000000, 0x00000000a3c00000, 0x00000000e0000000)
  object space 61440K, 63% used [0x00000000a0000000,0x00000000a2640360,0x00000000a3c00000)
 Metaspace       used 56628K, capacity 58920K, committed 58968K, reserved 1099776K
  class space    used 7515K, capacity 8046K, committed 8064K, reserved 1048576K
Event: 286.444 GC heap after
Heap after GC invocations=14 (full 3):
 PSYoungGen      total 205824K, used 0K [0x00000000e0000000, 0x00000000f2f80000, 0x0000000100000000)
  eden space 186368K, 0% used [0x00000000e0000000,0x00000000e0000000,0x00000000eb600000)
  from space 19456K, 0% used [0x00000000eb600000,0x00000000eb600000,0x00000000ec900000)
  to   space 18432K, 0% used [0x00000000f1d80000,0x00000000f1d80000,0x00000000f2f80000)
 ParOldGen       total 89600K, used 35252K [0x00000000a0000000, 0x00000000a5780000, 0x00000000e0000000)
  object space 89600K, 39% used [0x00000000a0000000,0x00000000a226d390,0x00000000a5780000)
 Metaspace       used 56628K, capacity 58920K, committed 58968K, reserved 1099776K
  class space    used 7515K, capacity 8046K, committed 8064K, reserved 1048576K
}

