# JRE version: OpenJDK Runtime Environment (8.0_202-b03) (build 1.8.0_202-release-1483-b03)
# Java VM: OpenJDK 64-Bit Server VM (25.202-b03 mixed mode windows-amd64 compressed oops)
Heap:
 PSYoungGen      total 213504K, used 40184K [0x00000000e0000000, 0x00000000eec80000, 0x0000000100000000)
  eden space 199168K, 12% used [0x00000000e0000000,0x00000000e193e698,0x00000000ec280000)
  from space 14336K, 99% used [0x00000000ed580000,0x00000000ee37f970,0x00000000ee380000)
  to   space 19456K, 0% used [0x00000000ec280000,0x00000000ec280000,0x00000000ed580000)
 ParOldGen       total 57856K, used 26739K [0x00000000a0000000, 0x00000000a3880000, 0x00000000e0000000)
  object space 57856K, 46% used [0x00000000a0000000,0x00000000a1a1ccc0,0x00000000a3880000)
 Metaspace       used 51854K, capacity 53650K, committed 53976K, reserved 1095680K
  class space    used 7131K, capacity 7561K, committed 7680K, reserved 1048576K
GC Heap History (10 events):
Event: 25.296 GC heap before
{Heap before GC invocations=8 (full 1):
 PSYoungGen      total 77312K, used 70394K [0x00000000e0000000, 0x00000000e5780000, 0x0000000100000000)
  eden space 66048K, 100% used [0x00000000e0000000,0x00000000e4080000,0x00000000e4080000)
  from space 11264K, 38% used [0x00000000e4c80000,0x00000000e50bea68,0x00000000e5780000)
  to   space 11776K, 0% used [0x00000000e4080000,0x00000000e4080000,0x00000000e4c00000)
 ParOldGen       total 50176K, used 10029K [0x00000000a0000000, 0x00000000a3100000, 0x00000000e0000000)
  object space 50176K, 19% used [0x00000000a0000000,0x00000000a09cb540,0x00000000a3100000)
 Metaspace       used 28263K, capacity 28614K, committed 28672K, reserved 1073152K
  class space    used 3920K, capacity 4058K, committed 4096K, reserved 1048576K
Event: 25.306 GC heap after
Heap after GC invocations=8 (full 1):
 PSYoungGen      total 77824K, used 7105K [0x00000000e0000000, 0x00000000e9600000, 0x0000000100000000)
  eden space 66048K, 0% used [0x00000000e0000000,0x00000000e0000000,0x00000000e4080000)
  from space 11776K, 60% used [0x00000000e4080000,0x00000000e4770560,0x00000000e4c00000)
  to   space 11264K, 0% used [0x00000000e8b00000,0x00000000e8b00000,0x00000000e9600000)
 ParOldGen       total 50176K, used 10037K [0x00000000a0000000, 0x00000000a3100000, 0x00000000e0000000)
  object space 50176K, 20% used [0x00000000a0000000,0x00000000a09cd540,0x00000000a3100000)
 Metaspace       used 28263K, capacity 28614K, committed 28672K, reserved 1073152K
  class space    used 3920K, capacity 4058K, committed 4096K, reserved 1048576K
}
Event: 36.051 GC heap before
{Heap before GC invocations=9 (full 1):
 PSYoungGen      total 77824K, used 60844K [0x00000000e0000000, 0x00000000e9600000, 0x0000000100000000)
  eden space 66048K, 81% used [0x00000000e0000000,0x00000000e347ac90,0x00000000e4080000)
  from space 11776K, 60% used [0x00000000e4080000,0x00000000e4770560,0x00000000e4c00000)
  to   space 11264K, 0% used [0x00000000e8b00000,0x00000000e8b00000,0x00000000e9600000)
 ParOldGen       total 50176K, used 10037K [0x00000000a0000000, 0x00000000a3100000, 0x00000000e0000000)
  object space 50176K, 20% used [0x00000000a0000000,0x00000000a09cd540,0x00000000a3100000)
 Metaspace       used 34800K, capacity 35402K, committed 35416K, reserved 1079296K
  class space    used 4751K, capacity 4988K, committed 4992K, reserved 1048576K
Event: 36.063 GC heap after
Heap after GC invocations=9 (full 1):
 PSYoungGen      total 141312K, used 10522K [0x00000000e0000000, 0x00000000e9780000, 0x0000000100000000)
  eden space 130048K, 0% used [0x00000000e0000000,0x00000000e0000000,0x00000000e7f00000)
  from space 11264K, 93% used [0x00000000e8b00000,0x00000000e9546b10,0x00000000e9600000)
  to   space 12288K, 0% used [0x00000000e7f00000,0x00000000e7f00000,0x00000000e8b00000)
 ParOldGen       total 50176K, used 10045K [0x00000000a0000000, 0x00000000a3100000, 0x00000000e0000000)
  object space 50176K, 20% used [0x00000000a0000000,0x00000000a09cf540,0x00000000a3100000)
 Metaspace       used 34800K, capacity 35402K, committed 35416K, reserved 1079296K
  class space    used 4751K, capacity 4988K, committed 4992K, reserved 1048576K
}
Event: 36.063 GC heap before
{Heap before GC invocations=10 (full 2):
 PSYoungGen      total 141312K, used 10522K [0x00000000e0000000, 0x00000000e9780000, 0x0000000100000000)
  eden space 130048K, 0% used [0x00000000e0000000,0x00000000e0000000,0x00000000e7f00000)
  from space 11264K, 93% used [0x00000000e8b00000,0x00000000e9546b10,0x00000000e9600000)
  to   space 12288K, 0% used [0x00000000e7f00000,0x00000000e7f00000,0x00000000e8b00000)
 ParOldGen       total 50176K, used 10045K [0x00000000a0000000, 0x00000000a3100000, 0x00000000e0000000)
  object space 50176K, 20% used [0x00000000a0000000,0x00000000a09cf540,0x00000000a3100000)
 Metaspace       used 34800K, capacity 35402K, committed 35416K, reserved 1079296K
  class space    used 4751K, capacity 4988K, committed 4992K, reserved 1048576K
Event: 36.143 GC heap after
Heap after GC invocations=10 (full 2):
 PSYoungGen      total 141312K, used 0K [0x00000000e0000000, 0x00000000e9780000, 0x0000000100000000)
  eden space 130048K, 0% used [0x00000000e0000000,0x00000000e0000000,0x00000000e7f00000)
  from space 11264K, 0% used [0x00000000e8b00000,0x00000000e8b00000,0x00000000e9600000)
  to   space 12288K, 0% used [0x00000000e7f00000,0x00000000e7f00000,0x00000000e8b00000)
 ParOldGen       total 57856K, used 16944K [0x00000000a0000000, 0x00000000a3880000, 0x00000000e0000000)
  object space 57856K, 29% used [0x00000000a0000000,0x00000000a108c000,0x00000000a3880000)
 Metaspace       used 34800K, capacity 35402K, committed 35416K, reserved 1079296K
  class space    used 4751K, capacity 4988K, committed 4992K, reserved 1048576K
}
Event: 40.419 GC heap before
{Heap before GC invocations=11 (full 2):
 PSYoungGen      total 141312K, used 130048K [0x00000000e0000000, 0x00000000e9780000, 0x0000000100000000)
  eden space 130048K, 100% used [0x00000000e0000000,0x00000000e7f00000,0x00000000e7f00000)
  from space 11264K, 0% used [0x00000000e8b00000,0x00000000e8b00000,0x00000000e9600000)
  to   space 12288K, 0% used [0x00000000e7f00000,0x00000000e7f00000,0x00000000e8b00000)
 ParOldGen       total 57856K, used 16944K [0x00000000a0000000, 0x00000000a3880000, 0x00000000e0000000)
  object space 57856K, 29% used [0x00000000a0000000,0x00000000a108c000,0x00000000a3880000)
 Metaspace       used 40077K, capacity 41040K, committed 41176K, reserved 1085440K
  class space    used 5450K, capacity 5785K, committed 5888K, reserved 1048576K
Event: 40.443 GC heap after
Heap after GC invocations=11 (full 2):
 PSYoungGen      total 142336K, used 12259K [0x00000000e0000000, 0x00000000ee380000, 0x0000000100000000)
  eden space 130048K, 0% used [0x00000000e0000000,0x00000000e0000000,0x00000000e7f00000)
  from space 12288K, 99% used [0x00000000e7f00000,0x00000000e8af8e88,0x00000000e8b00000)
  to   space 14336K, 0% used [0x00000000ed580000,0x00000000ed580000,0x00000000ee380000)
 ParOldGen       total 57856K, used 18228K [0x00000000a0000000, 0x00000000a3880000, 0x00000000e0000000)
  object space 57856K, 31% used [0x00000000a0000000,0x00000000a11cd028,0x00000000a3880000)
 Metaspace       used 40077K, capacity 41040K, committed 41176K, reserved 1085440K
  class space    used 5450K, capacity 5785K, committed 5888K, reserved 1048576K
}
Event: 48.179 GC heap before
{Heap before GC invocations=12 (full 2):
 PSYoungGen      total 142336K, used 142307K [0x00000000e0000000, 0x00000000ee380000, 0x0000000100000000)
  eden space 130048K, 100% used [0x00000000e0000000,0x00000000e7f00000,0x00000000e7f00000)
  from space 12288K, 99% used [0x00000000e7f00000,0x00000000e8af8e88,0x00000000e8b00000)
  to   space 14336K, 0% used [0x00000000ed580000,0x00000000ed580000,0x00000000ee380000)
 ParOldGen       total 57856K, used 18228K [0x00000000a0000000, 0x00000000a3880000, 0x00000000e0000000)
  object space 57856K, 31% used [0x00000000a0000000,0x00000000a11cd028,0x00000000a3880000)
 Metaspace       used 50687K, capacity 52284K, committed 52440K, reserved 1093632K
  class space    used 6938K, capacity 7348K, committed 7424K, reserved 1048576K
Event: 48.210 GC heap after
Heap after GC invocations=12 (full 2):
 PSYoungGen      total 213504K, used 14334K [0x00000000e0000000, 0x00000000eec80000, 0x0000000100000000)
  eden space 199168K, 0% used [0x00000000e0000000,0x00000000e0000000,0x00000000ec280000)
  from space 14336K, 99% used [0x00000000ed580000,0x00000000ee37f970,0x00000000ee380000)
  to   space 19456K, 0% used [0x00000000ec280000,0x00000000ec280000,0x00000000ed580000)
 ParOldGen       total 57856K, used 26739K [0x00000000a0000000, 0x00000000a3880000, 0x00000000e0000000)
  object space 57856K, 46% used [0x00000000a0000000,0x00000000a1a1ccc0,0x00000000a3880000)
 Metaspace       used 50687K, capacity 52284K, committed 52440K, reserved 1093632K
  class space    used 6938K, capacity 7348K, committed 7424K, reserved 1048576K
}

