# JRE version: OpenJDK Runtime Environment (8.0_202-b03) (build 1.8.0_202-release-1483-b03)
# Java VM: OpenJDK 64-Bit Server VM (25.202-b03 mixed mode windows-amd64 compressed oops)
Heap:
 PSYoungGen      total 178688K, used 71238K [0x00000000e0000000, 0x00000000ec500000, 0x0000000100000000)
  eden space 164864K, 34% used [0x00000000e0000000,0x00000000e3818078,0x00000000ea100000)
  from space 13824K, 99% used [0x00000000eb280000,0x00000000ebff9990,0x00000000ec000000)
  to   space 17920K, 0% used [0x00000000ea100000,0x00000000ea100000,0x00000000eb280000)
 ParOldGen       total 66560K, used 23644K [0x00000000a0000000, 0x00000000a4100000, 0x00000000e0000000)
  object space 66560K, 35% used [0x00000000a0000000,0x00000000a17171f8,0x00000000a4100000)
 Metaspace       used 52047K, capacity 53862K, committed 53976K, reserved 1095680K
  class space    used 7155K, capacity 7593K, committed 7680K, reserved 1048576K
GC Heap History (10 events):
Event: 4.927 GC heap before
{Heap before GC invocations=8 (full 1):
 PSYoungGen      total 71680K, used 67813K [0x00000000e0000000, 0x00000000e5400000, 0x0000000100000000)
  eden space 63488K, 100% used [0x00000000e0000000,0x00000000e3e00000,0x00000000e3e00000)
  from space 8192K, 52% used [0x00000000e4c00000,0x00000000e50395d0,0x00000000e5400000)
  to   space 11264K, 0% used [0x00000000e3e00000,0x00000000e3e00000,0x00000000e4900000)
 ParOldGen       total 49664K, used 7858K [0x00000000a0000000, 0x00000000a3080000, 0x00000000e0000000)
  object space 49664K, 15% used [0x00000000a0000000,0x00000000a07aca48,0x00000000a3080000)
 Metaspace       used 28098K, capacity 28450K, committed 28672K, reserved 1073152K
  class space    used 3890K, capacity 4026K, committed 4096K, reserved 1048576K
Event: 4.935 GC heap after
Heap after GC invocations=8 (full 1):
 PSYoungGen      total 74752K, used 7013K [0x00000000e0000000, 0x00000000e8980000, 0x0000000100000000)
  eden space 63488K, 0% used [0x00000000e0000000,0x00000000e0000000,0x00000000e3e00000)
  from space 11264K, 62% used [0x00000000e3e00000,0x00000000e44d9408,0x00000000e4900000)
  to   space 10752K, 0% used [0x00000000e7f00000,0x00000000e7f00000,0x00000000e8980000)
 ParOldGen       total 49664K, used 7866K [0x00000000a0000000, 0x00000000a3080000, 0x00000000e0000000)
  object space 49664K, 15% used [0x00000000a0000000,0x00000000a07aea48,0x00000000a3080000)
 Metaspace       used 28098K, capacity 28450K, committed 28672K, reserved 1073152K
  class space    used 3890K, capacity 4026K, committed 4096K, reserved 1048576K
}
Event: 6.448 GC heap before
{Heap before GC invocations=9 (full 1):
 PSYoungGen      total 74752K, used 63688K [0x00000000e0000000, 0x00000000e8980000, 0x0000000100000000)
  eden space 63488K, 89% used [0x00000000e0000000,0x00000000e3758d18,0x00000000e3e00000)
  from space 11264K, 62% used [0x00000000e3e00000,0x00000000e44d9408,0x00000000e4900000)
  to   space 10752K, 0% used [0x00000000e7f00000,0x00000000e7f00000,0x00000000e8980000)
 ParOldGen       total 49664K, used 7866K [0x00000000a0000000, 0x00000000a3080000, 0x00000000e0000000)
  object space 49664K, 15% used [0x00000000a0000000,0x00000000a07aea48,0x00000000a3080000)
 Metaspace       used 34777K, capacity 35404K, committed 35416K, reserved 1079296K
  class space    used 4751K, capacity 4989K, committed 4992K, reserved 1048576K
Event: 6.464 GC heap after
Heap after GC invocations=9 (full 1):
 PSYoungGen      total 128000K, used 10731K [0x00000000e0000000, 0x00000000e8a80000, 0x0000000100000000)
  eden space 117248K, 0% used [0x00000000e0000000,0x00000000e0000000,0x00000000e7280000)
  from space 10752K, 99% used [0x00000000e7f00000,0x00000000e897ad00,0x00000000e8980000)
  to   space 12288K, 0% used [0x00000000e7280000,0x00000000e7280000,0x00000000e7e80000)
 ParOldGen       total 49664K, used 7882K [0x00000000a0000000, 0x00000000a3080000, 0x00000000e0000000)
  object space 49664K, 15% used [0x00000000a0000000,0x00000000a07b2a48,0x00000000a3080000)
 Metaspace       used 34777K, capacity 35404K, committed 35416K, reserved 1079296K
  class space    used 4751K, capacity 4989K, committed 4992K, reserved 1048576K
}
Event: 6.464 GC heap before
{Heap before GC invocations=10 (full 2):
 PSYoungGen      total 128000K, used 10731K [0x00000000e0000000, 0x00000000e8a80000, 0x0000000100000000)
  eden space 117248K, 0% used [0x00000000e0000000,0x00000000e0000000,0x00000000e7280000)
  from space 10752K, 99% used [0x00000000e7f00000,0x00000000e897ad00,0x00000000e8980000)
  to   space 12288K, 0% used [0x00000000e7280000,0x00000000e7280000,0x00000000e7e80000)
 ParOldGen       total 49664K, used 7882K [0x00000000a0000000, 0x00000000a3080000, 0x00000000e0000000)
  object space 49664K, 15% used [0x00000000a0000000,0x00000000a07b2a48,0x00000000a3080000)
 Metaspace       used 34777K, capacity 35404K, committed 35416K, reserved 1079296K
  class space    used 4751K, capacity 4989K, committed 4992K, reserved 1048576K
Event: 6.551 GC heap after
Heap after GC invocations=10 (full 2):
 PSYoungGen      total 128000K, used 0K [0x00000000e0000000, 0x00000000e8a80000, 0x0000000100000000)
  eden space 117248K, 0% used [0x00000000e0000000,0x00000000e0000000,0x00000000e7280000)
  from space 10752K, 0% used [0x00000000e7f00000,0x00000000e7f00000,0x00000000e8980000)
  to   space 12288K, 0% used [0x00000000e7280000,0x00000000e7280000,0x00000000e7e80000)
 ParOldGen       total 66560K, used 17088K [0x00000000a0000000, 0x00000000a4100000, 0x00000000e0000000)
  object space 66560K, 25% used [0x00000000a0000000,0x00000000a10b0220,0x00000000a4100000)
 Metaspace       used 34777K, capacity 35404K, committed 35416K, reserved 1079296K
  class space    used 4751K, capacity 4989K, committed 4992K, reserved 1048576K
}
Event: 8.944 GC heap before
{Heap before GC invocations=11 (full 2):
 PSYoungGen      total 128000K, used 117248K [0x00000000e0000000, 0x00000000e8a80000, 0x0000000100000000)
  eden space 117248K, 100% used [0x00000000e0000000,0x00000000e7280000,0x00000000e7280000)
  from space 10752K, 0% used [0x00000000e7f00000,0x00000000e7f00000,0x00000000e8980000)
  to   space 12288K, 0% used [0x00000000e7280000,0x00000000e7280000,0x00000000e7e80000)
 ParOldGen       total 66560K, used 17088K [0x00000000a0000000, 0x00000000a4100000, 0x00000000e0000000)
  object space 66560K, 25% used [0x00000000a0000000,0x00000000a10b0220,0x00000000a4100000)
 Metaspace       used 39619K, capacity 40506K, committed 40792K, reserved 1085440K
  class space    used 5372K, capacity 5673K, committed 5760K, reserved 1048576K
Event: 8.965 GC heap after
Heap after GC invocations=11 (full 2):
 PSYoungGen      total 129536K, used 11813K [0x00000000e0000000, 0x00000000ec000000, 0x0000000100000000)
  eden space 117248K, 0% used [0x00000000e0000000,0x00000000e0000000,0x00000000e7280000)
  from space 12288K, 96% used [0x00000000e7280000,0x00000000e7e09588,0x00000000e7e80000)
  to   space 13824K, 0% used [0x00000000eb280000,0x00000000eb280000,0x00000000ec000000)
 ParOldGen       total 66560K, used 17096K [0x00000000a0000000, 0x00000000a4100000, 0x00000000e0000000)
  object space 66560K, 25% used [0x00000000a0000000,0x00000000a10b2220,0x00000000a4100000)
 Metaspace       used 39619K, capacity 40506K, committed 40792K, reserved 1085440K
  class space    used 5372K, capacity 5673K, committed 5760K, reserved 1048576K
}
Event: 11.301 GC heap before
{Heap before GC invocations=12 (full 2):
 PSYoungGen      total 129536K, used 129061K [0x00000000e0000000, 0x00000000ec000000, 0x0000000100000000)
  eden space 117248K, 100% used [0x00000000e0000000,0x00000000e7280000,0x00000000e7280000)
  from space 12288K, 96% used [0x00000000e7280000,0x00000000e7e09588,0x00000000e7e80000)
  to   space 13824K, 0% used [0x00000000eb280000,0x00000000eb280000,0x00000000ec000000)
 ParOldGen       total 66560K, used 17096K [0x00000000a0000000, 0x00000000a4100000, 0x00000000e0000000)
  object space 66560K, 25% used [0x00000000a0000000,0x00000000a10b2220,0x00000000a4100000)
 Metaspace       used 50334K, capacity 51910K, committed 52184K, reserved 1093632K
  class space    used 6873K, capacity 7298K, committed 7424K, reserved 1048576K
Event: 11.329 GC heap after
Heap after GC invocations=12 (full 2):
 PSYoungGen      total 178688K, used 13798K [0x00000000e0000000, 0x00000000ec500000, 0x0000000100000000)
  eden space 164864K, 0% used [0x00000000e0000000,0x00000000e0000000,0x00000000ea100000)
  from space 13824K, 99% used [0x00000000eb280000,0x00000000ebff9990,0x00000000ec000000)
  to   space 17920K, 0% used [0x00000000ea100000,0x00000000ea100000,0x00000000eb280000)
 ParOldGen       total 66560K, used 23644K [0x00000000a0000000, 0x00000000a4100000, 0x00000000e0000000)
  object space 66560K, 35% used [0x00000000a0000000,0x00000000a17171f8,0x00000000a4100000)
 Metaspace       used 50334K, capacity 51910K, committed 52184K, reserved 1093632K
  class space    used 6873K, capacity 7298K, committed 7424K, reserved 1048576K
}

